\BOOKMARK [1][-]{section.1}{\376\377\000P\000r\000o\000b\000l\000e\000m\000\040\0001}{}% 1
\BOOKMARK [2][-]{subsection.1.1}{\376\377\0001\000.\000A\000\051}{section.1}% 2
\BOOKMARK [2][-]{subsection.1.2}{\376\377\0001\000.\000B\000\051}{section.1}% 3
\BOOKMARK [1][-]{section.2}{\376\377\000P\000r\000o\000b\000l\000e\000m\000\040\0002}{}% 4
\BOOKMARK [2][-]{subsection.2.1}{\376\377\0002\000.\000A\000\051}{section.2}% 5
\BOOKMARK [2][-]{subsection.2.2}{\376\377\0002\000.\000B\000\051}{section.2}% 6
\BOOKMARK [1][-]{section.3}{\376\377\000P\000r\000o\000b\000l\000e\000m\000\040\0003}{}% 7
\BOOKMARK [1][-]{section.4}{\376\377\000P\000r\000o\000b\000l\000e\000m\000\040\0004}{}% 8
\BOOKMARK [2][-]{subsection.4.1}{\376\377\0004\000.\000A\000\051}{section.4}% 9
\BOOKMARK [2][-]{subsection.4.2}{\376\377\0004\000.\000B\000\051}{section.4}% 10
\BOOKMARK [2][-]{subsection.4.3}{\376\377\0004\000.\000C\000\051}{section.4}% 11
\BOOKMARK [1][-]{section.5}{\376\377\000P\000r\000o\000b\000l\000e\000m\000\040\0005}{}% 12
\BOOKMARK [1][-]{appendix.A}{\376\377\000C\000o\000n\000v\000e\000n\000t\000i\000o\000n\000s}{}% 13
\BOOKMARK [2][-]{subsection.A.1}{\376\377\000M\000e\000t\000r\000i\000c}{appendix.A}% 14
\BOOKMARK [2][-]{subsection.A.2}{\376\377\000L\000e\000v\000i\000-\000C\000i\000v\000i\000t\000a}{appendix.A}% 15
\BOOKMARK [1][-]{appendix.B}{\376\377\000L\000o\000r\000e\000n\000t\000z\000\040\000G\000r\000o\000u\000p\000\040\000D\000i\000g\000r\000e\000s\000s\000i\000o\000n}{}% 16
\BOOKMARK [1][-]{appendix.C}{\376\377\000D\000e\000t\000e\000r\000m\000i\000n\000a\000n\000t\000s}{}% 17
\BOOKMARK [1][-]{appendix.D}{\376\377\000N\000o\000e\000t\000h\000e\000r\000'\000s\000\040\000T\000h\000e\000o\000r\000e\000m}{}% 18
\BOOKMARK [1][-]{appendix.E}{\376\377\000N\000o\000e\000t\000h\000e\000r\000'\000s\000\040\000S\000e\000c\000o\000n\000d\000\040\000T\000h\000e\000o\000r\000e\000m}{}% 19
\BOOKMARK [1][-]{appendix.F}{\376\377\000B\000o\000u\000n\000d\000a\000r\000y\000\040\000C\000o\000n\000d\000i\000t\000i\000o\000n\000s}{}% 20
\BOOKMARK [1][-]{appendix.G}{\376\377\000A\000l\000g\000e\000b\000r\000a\000\040\000o\000f\000\040\000c\000o\000n\000s\000e\000r\000v\000e\000d\000\040\000q\000u\000a\000n\000t\000i\000t\000i\000e\000s}{}% 21
