\BOOKMARK [1][-]{section.1}{\376\377\000P\000r\000o\000b\000l\000e\000m\000\040\0001}{}% 1
\BOOKMARK [2][-]{subsection.1.1}{\376\377\0001\000.\000A\000\051}{section.1}% 2
\BOOKMARK [2][-]{subsection.1.2}{\376\377\0001\000.\000B\000\051}{section.1}% 3
\BOOKMARK [2][-]{subsection.1.3}{\376\377\0001\000.\000C\000\051}{section.1}% 4
\BOOKMARK [2][-]{subsection.1.4}{\376\377\0001\000.\000D\000\051}{section.1}% 5
\BOOKMARK [1][-]{section.2}{\376\377\000P\000r\000o\000b\000l\000e\000m\000\040\0002}{}% 6
\BOOKMARK [2][-]{subsection.2.1}{\376\377\0002\000.\000A\000\051}{section.2}% 7
\BOOKMARK [2][-]{subsection.2.2}{\376\377\0002\000.\000B\000\051}{section.2}% 8
\BOOKMARK [2][-]{subsection.2.3}{\376\377\0002\000.\000C\000\051}{section.2}% 9
\BOOKMARK [2][-]{subsection.2.4}{\376\377\0002\000.\000D\000\051}{section.2}% 10
\BOOKMARK [1][-]{section.3}{\376\377\000P\000r\000o\000b\000l\000e\000m\000\040\0003}{}% 11
\BOOKMARK [2][-]{subsection.3.1}{\376\377\0003\000.\000A\000\051}{section.3}% 12
\BOOKMARK [2][-]{subsection.3.2}{\376\377\0003\000.\000B\000\051}{section.3}% 13
\BOOKMARK [2][-]{subsection.3.3}{\376\377\0003\000.\000C\000\051}{section.3}% 14
\BOOKMARK [2][-]{subsection.3.4}{\376\377\0003\000.\000D\000\051}{section.3}% 15
\BOOKMARK [2][-]{subsection.3.5}{\376\377\0003\000.\000E\000\051}{section.3}% 16
\BOOKMARK [2][-]{subsection.3.6}{\376\377\0003\000.\000F\000\051}{section.3}% 17
\BOOKMARK [1][-]{appendix.A}{\376\377\000F\000a\000d\000d\000e\000e\000v\000-\000P\000o\000p\000o\000v\000\040\000G\000a\000u\000g\000e\000\040\000F\000i\000x\000i\000n\000g}{}% 18
\BOOKMARK [1][-]{appendix.B}{\376\377\000B\000R\000S\000T\000\040\000Q\000u\000a\000n\000t\000i\000z\000a\000t\000i\000o\000n}{}% 19
\BOOKMARK [1][-]{appendix.C}{\376\377\000C\000l\000o\000s\000u\000r\000e\000\040\000o\000f\000\040\000B\000R\000S\000T\000\040\000t\000r\000a\000n\000s\000f\000o\000r\000m\000a\000t\000i\000o\000n\000s}{}% 20
