\BOOKMARK [1][-]{section.1}{\376\377\000B\000e\000t\000a\000\040\000f\000u\000n\000c\000t\000i\000o\000n\000s\000\040\000o\000f\000\040\000N\000o\000n\000-\000A\000b\000e\000l\000i\000a\000n\000\040\000G\000a\000u\000g\000e\000-\000F\000e\000r\000m\000i\000o\000n\000\040\000T\000h\000e\000o\000r\000y}{}% 1
\BOOKMARK [2][-]{subsection.1.1}{\376\377\000C\000o\000n\000s\000t\000r\000u\000c\000t\000i\000o\000n\000\040\000o\000f\000\040\000t\000h\000e\000\040\000T\000h\000e\000o\000r\000y}{section.1}% 2
\BOOKMARK [2][-]{subsection.1.2}{\376\377\000R\000e\000n\000o\000r\000m\000a\000l\000i\000z\000a\000t\000i\000o\000n\000\040\000a\000n\000d\000\040\000F\000e\000y\000n\000m\000a\000n\000\040\000R\000u\000l\000e\000s}{section.1}% 3
\BOOKMARK [2][-]{subsection.1.3}{\376\377\000G\000a\000u\000g\000e\000\040\000B\000o\000s\000o\000n\000\040\000S\000e\000l\000f\000\040\000E\000n\000e\000r\000g\000y}{section.1}% 4
\BOOKMARK [2][-]{subsection.1.4}{\376\377\000F\000e\000r\000m\000i\000o\000n\000i\000c\000\040\000S\000e\000l\000f\000\040\000E\000n\000e\000r\000g\000y}{section.1}% 5
\BOOKMARK [2][-]{subsection.1.5}{\376\377\000F\000e\000r\000m\000i\000o\000n\000-\000G\000a\000u\000g\000e\000\040\000V\000e\000r\000t\000e\000x\000\040\000L\000o\000o\000p\000\040\000C\000o\000r\000r\000e\000c\000t\000i\000o\000n\000s}{section.1}% 6
\BOOKMARK [2][-]{subsection.1.6}{\376\377\000C\000o\000m\000p\000u\000t\000a\000t\000i\000o\000n\000\040\000o\000f\000\040\000t\000h\000e\000\040\000B\000e\000t\000a\000\040\000F\000u\000n\000c\000t\000i\000o\000n}{section.1}% 7
\BOOKMARK [1][-]{section.2}{\376\377\000B\000e\000t\000a\000\040\000F\000u\000n\000c\000t\000i\000o\000n\000s\000\040\000o\000f\000\040\000N\000o\000n\000-\000A\000b\000e\000l\000i\000a\000n\000\040\000G\000a\000u\000g\000e\000-\000S\000c\000a\000l\000a\000r\000\040\000T\000h\000e\000o\000r\000y}{}% 8
\BOOKMARK [2][-]{subsection.2.1}{\376\377\000C\000o\000n\000s\000t\000r\000u\000c\000t\000i\000o\000n\000\040\000o\000f\000\040\000t\000h\000e\000\040\000T\000h\000e\000o\000r\000y}{section.2}% 9
\BOOKMARK [2][-]{subsection.2.2}{\376\377\000R\000e\000n\000o\000r\000m\000a\000l\000i\000z\000a\000t\000i\000o\000n\000\040\000a\000n\000d\000\040\000F\000e\000y\000n\000m\000a\000n\000\040\000R\000u\000l\000e\000s}{section.2}% 10
\BOOKMARK [2][-]{subsection.2.3}{\376\377\000G\000a\000u\000g\000e\000\040\000B\000o\000s\000o\000n\000\040\000S\000e\000l\000f\000\040\000E\000n\000e\000r\000g\000y}{section.2}% 11
\BOOKMARK [2][-]{subsection.2.4}{\376\377\000F\000u\000r\000t\000h\000e\000r\000\040\000C\000o\000u\000n\000t\000e\000r\000-\000T\000e\000r\000m\000s}{section.2}% 12
\BOOKMARK [2][-]{subsection.2.5}{\376\377\000C\000o\000m\000p\000u\000t\000a\000t\000i\000o\000n\000\040\000o\000f\000\040\000t\000h\000e\000\040\000B\000e\000t\000a\000\040\000F\000u\000n\000c\000t\000i\000o\000n}{section.2}% 13
\BOOKMARK [1][-]{section.3}{\376\377\000N\000o\000t\000\040\000t\000h\000e\000\040\000S\000t\000a\000n\000d\000a\000r\000d\000\040\000M\000o\000d\000e\000l}{}% 14
\BOOKMARK [1][-]{section.4}{\376\377\000A\000n\000o\000m\000a\000l\000i\000e\000s}{}% 15
\BOOKMARK [1][-]{section.5}{\376\377\000S\000i\000n\000e\000-\000G\000o\000r\000d\000o\000n\000\040\000T\000h\000e\000o\000r\000y}{}% 16
\BOOKMARK [2][-]{subsection.5.1}{\376\377\000E\000x\000a\000c\000t\000\040\000S\000o\000l\000u\000t\000i\000o\000n\000s}{section.5}% 17
\BOOKMARK [2][-]{subsection.5.2}{\376\377\000C\000o\000n\000s\000e\000r\000v\000e\000d\000\040\000C\000u\000r\000r\000e\000n\000t\000\040\000a\000n\000d\000\040\000C\000h\000a\000r\000g\000e}{section.5}% 18
\BOOKMARK [2][-]{subsection.5.3}{\376\377\000E\000n\000e\000r\000g\000y\000\040\000o\000f\000\040\000t\000h\000e\000\040\000E\000x\000a\000c\000t\000\040\000S\000o\000l\000u\000t\000i\000o\000n\000s}{section.5}% 19
\BOOKMARK [2][-]{subsection.5.4}{\376\377\000E\000x\000p\000a\000n\000d\000i\000n\000g\000\040\000t\000h\000e\000\040\000L\000a\000g\000r\000a\000n\000g\000i\000a\000n}{section.5}% 20
\BOOKMARK [1][-]{appendix.A}{\376\377\000C\000o\000n\000v\000e\000n\000t\000i\000o\000n\000s}{}% 21
\BOOKMARK [1][-]{appendix.B}{\376\377\000G\000a\000m\000m\000a\000\040\000M\000a\000t\000r\000i\000x\000\040\000T\000e\000c\000h\000n\000o\000l\000o\000g\000y}{}% 22
\BOOKMARK [1][-]{appendix.C}{\376\377\000U\000s\000e\000f\000u\000l\000\040\000I\000n\000t\000e\000g\000r\000a\000l\000s}{}% 23
