\BOOKMARK [1][-]{section.1}{\376\377\000P\000r\000o\000b\000l\000e\000m\000\040\0001}{}% 1
\BOOKMARK [2][-]{subsection.1.1}{\376\377\0001\000.\000A\000\051}{section.1}% 2
\BOOKMARK [2][-]{subsection.1.2}{\376\377\0001\000.\000B\000\051}{section.1}% 3
\BOOKMARK [1][-]{section.2}{\376\377\000P\000r\000o\000b\000l\000e\000m\000\040\0002}{}% 4
\BOOKMARK [2][-]{subsection.2.1}{\376\377\0002\000.\000A\000\051}{section.2}% 5
\BOOKMARK [2][-]{subsection.2.2}{\376\377\0002\000.\000B\000\051}{section.2}% 6
\BOOKMARK [1][-]{section.3}{\376\377\000P\000r\000o\000b\000l\000e\000m\000\040\0003}{}% 7
\BOOKMARK [2][-]{subsection.3.1}{\376\377\0003\000.\000A\000\051}{section.3}% 8
\BOOKMARK [2][-]{subsection.3.2}{\376\377\0003\000.\000B\000\051}{section.3}% 9
\BOOKMARK [2][-]{subsection.3.3}{\376\377\0003\000.\000C\000\051}{section.3}% 10
\BOOKMARK [2][-]{subsection.3.4}{\376\377\0003\000.\000D\000\051}{section.3}% 11
\BOOKMARK [2][-]{subsection.3.5}{\376\377\0003\000.\000E\000\051}{section.3}% 12
\BOOKMARK [2][-]{subsection.3.6}{\376\377\0003\000.\000F\000\051}{section.3}% 13
\BOOKMARK [1][-]{section.4}{\376\377\000P\000r\000o\000b\000l\000e\000m\000\040\0004}{}% 14
\BOOKMARK [2][-]{subsection.4.1}{\376\377\0004\000.\000A\000\051}{section.4}% 15
\BOOKMARK [2][-]{subsection.4.2}{\376\377\0004\000.\000B\000\051}{section.4}% 16
\BOOKMARK [2][-]{subsection.4.3}{\376\377\0004\000.\000C\000\051}{section.4}% 17
\BOOKMARK [2][-]{subsection.4.4}{\376\377\0004\000.\000D\000\051}{section.4}% 18
\BOOKMARK [2][-]{subsection.4.5}{\376\377\0004\000.\000E\000\051}{section.4}% 19
\BOOKMARK [1][-]{section.5}{\376\377\000P\000r\000o\000b\000l\000e\000m\000\040\0005}{}% 20
\BOOKMARK [2][-]{subsection.5.1}{\376\377\0005\000.\000A\000\051}{section.5}% 21
\BOOKMARK [2][-]{subsection.5.2}{\376\377\0005\000.\000B\000\051}{section.5}% 22
\BOOKMARK [1][-]{section.6}{\376\377\000P\000r\000o\000b\000l\000e\000m\000\040\0006}{}% 23
\BOOKMARK [2][-]{subsection.6.1}{\376\377\0006\000.\000A\000\051}{section.6}% 24
\BOOKMARK [2][-]{subsection.6.2}{\376\377\0006\000.\000B\000\051}{section.6}% 25
\BOOKMARK [2][-]{subsection.6.3}{\376\377\0006\000.\000C\000\051}{section.6}% 26
\BOOKMARK [1][-]{appendix.A}{\376\377\000B\000o\000s\000o\000n\000i\000c\000\040\000C\000F\000T}{}% 27
