\BOOKMARK [1][-]{section.1}{\376\377\0001\000.\000\040\000I\000n\000t\000r\000o\000d\000u\000\347\000\343\000o}{}% 1
\BOOKMARK [1][-]{section.2}{\376\377\0002\000.\000\040\000L\000\363\000g\000i\000c\000a\000\040\000P\000r\000o\000p\000o\000s\000i\000c\000i\000o\000n\000a\000l}{}% 2
\BOOKMARK [1][-]{section.3}{\376\377\0003\000.\000\040\000T\000e\000o\000r\000i\000a\000\040\000d\000e\000\040\000C\000o\000n\000j\000u\000n\000t\000o\000s}{}% 3
\BOOKMARK [1][-]{section.4}{\376\377\0004\000.\000\040\000C\000o\000n\000s\000t\000r\000u\000\347\000\343\000o\000\040\000d\000o\000s\000\040\000N\000a\000t\000u\000r\000a\000i\000s}{}% 4
\BOOKMARK [1][-]{section.5}{\376\377\0005\000.\000\040\000C\000o\000n\000s\000t\000r\000u\000\347\000\343\000o\000\040\000d\000o\000s\000\040\000I\000n\000t\000e\000i\000r\000o\000s}{}% 5
\BOOKMARK [1][-]{section.6}{\376\377\0006\000.\000\040\000C\000o\000n\000s\000t\000r\000u\000\347\000\343\000o\000\040\000d\000o\000s\000\040\000R\000a\000c\000i\000o\000n\000a\000i\000s}{}% 6
\BOOKMARK [1][-]{section.7}{\376\377\0007\000.\000\040\000C\000o\000n\000s\000t\000r\000u\000\347\000\343\000o\000\040\000d\000o\000s\000\040\000R\000e\000a\000i\000s}{}% 7
\BOOKMARK [1][-]{section.8}{\376\377\0008\000.\000\040\000C\000o\000n\000s\000t\000r\000u\000\347\000\343\000o\000\040\000d\000o\000s\000\040\000C\000o\000m\000p\000l\000e\000x\000o\000s}{}% 8
\BOOKMARK [1][-]{section.9}{\376\377\0009\000.\000\040\000C\000o\000n\000j\000u\000n\000t\000o\000s\000\040\000c\000o\000m\000\040\000E\000s\000t\000r\000u\000t\000u\000r\000a}{}% 9
\BOOKMARK [2][-]{subsection.9.1}{\376\377\0009\000.\0001\000.\000\040\000M\000a\000g\000m\000a}{section.9}% 10
\BOOKMARK [2][-]{subsection.9.2}{\376\377\0009\000.\0002\000.\000\040\000M\000a\000g\000m\000a\000\040\000u\000n\000i\000t\000\341\000r\000i\000o}{section.9}% 11
\BOOKMARK [2][-]{subsection.9.3}{\376\377\0009\000.\0003\000.\000\040\000Q\000u\000a\000s\000e\000-\000G\000r\000u\000p\000o}{section.9}% 12
\BOOKMARK [2][-]{subsection.9.4}{\376\377\0009\000.\0004\000.\000\040\000S\000e\000m\000i\000-\000G\000r\000u\000p\000o}{section.9}% 13
\BOOKMARK [2][-]{subsection.9.5}{\376\377\0009\000.\0005\000.\000\040\000M\000o\000n\000\363\000i\000d\000e}{section.9}% 14
\BOOKMARK [2][-]{subsection.9.6}{\376\377\0009\000.\0006\000.\000\040\000L\000o\000o\000p}{section.9}% 15
\BOOKMARK [2][-]{subsection.9.7}{\376\377\0009\000.\0007\000.\000\040\000S\000e\000m\000i\000-\000G\000r\000u\000p\000o\000\040\000c\000o\000m\000\040\000I\000n\000v\000e\000r\000s\000o}{section.9}% 16
\BOOKMARK [1][-]{section.10}{\376\377\0001\0000\000.\000\040\000G\000r\000u\000p\000o\000s}{}% 17
\BOOKMARK [1][-]{section.11}{\376\377\0001\0001\000.\000\040\000A\000n\000\351\000i\000s}{}% 18
\BOOKMARK [1][-]{section.12}{\376\377\0001\0002\000.\000\040\000C\000o\000r\000p\000o\000s}{}% 19
\BOOKMARK [1][-]{section.13}{\376\377\0001\0003\000.\000\040\000R\000e\000t\000i\000c\000u\000l\000a\000d\000o\000s}{}% 20
\BOOKMARK [1][-]{section.14}{\376\377\0001\0004\000.\000\040\000M\000\363\000d\000u\000l\000o\000s}{}% 21
\BOOKMARK [1][-]{section.15}{\376\377\0001\0005\000.\000\040\000E\000s\000p\000a\000\347\000o\000\040\000V\000e\000t\000o\000r\000i\000a\000l}{}% 22
\BOOKMARK [1][-]{section.16}{\376\377\0001\0006\000.\000\040\000\301\000l\000g\000e\000b\000r\000a}{}% 23
\BOOKMARK [1][-]{section.17}{\376\377\0001\0007\000.\000\040\000E\000s\000p\000a\000\347\000o\000\040\000N\000o\000r\000m\000a\000d\000o}{}% 24
\BOOKMARK [1][-]{section.18}{\376\377\0001\0008\000.\000\040\000E\000s\000p\000a\000\347\000o\000\040\000M\000\351\000t\000r\000i\000c\000o}{}% 25
